<?xml version="1.0" encoding="UTF-8"?>
<testsuite name="JUnit Jupiter" tests="2" skipped="0" failures="0" errors="1" time="7.25" hostname="admins-MacBook-Pro.local" timestamp="2022-08-28T11:23:46">
<properties>
<property name="awt.toolkit" value="sun.lwawt.macosx.LWCToolkit"/>
<property name="file.encoding" value="UTF-8"/>
<property name="file.encoding.pkg" value="sun.io"/>
<property name="file.separator" value="/"/>
<property name="ftp.nonProxyHosts" value="local|*.local|169.254/16|*.169.254/16"/>
<property name="gopherProxySet" value="false"/>
<property name="http.nonProxyHosts" value="local|*.local|169.254/16|*.169.254/16"/>
<property name="java.awt.graphicsenv" value="sun.awt.CGraphicsEnvironment"/>
<property name="java.awt.printerjob" value="sun.lwawt.macosx.CPrinterJob"/>
<property name="java.class.path" value="/Users/bhagyac/Desktop/TA-fall-2022/mangoSource/war/WEB-INF/lib/OneWireAPI.jar:/Users/bhagyac/Desktop/TA-fall-2022/mangoSource/war/WEB-INF/lib/RXTXcomm.jar:/Users/bhagyac/Desktop/TA-fall-2022/mangoSource/war/WEB-INF/lib/SNMP4J.jar:/Users/bhagyac/Desktop/TA-fall-2022/mangoSource/war/WEB-INF/lib/activation.jar:/Users/bhagyac/Desktop/TA-fall-2022/mangoSource/war/WEB-INF/lib/axis.jar:/Users/bhagyac/Desktop/TA-fall-2022/mangoSource/war/WEB-INF/lib/bacnet4J.jar:/Users/bhagyac/Desktop/TA-fall-2022/mangoSource/war/WEB-INF/lib/commons-beanutils-1.8.3.jar:/Users/bhagyac/Desktop/TA-fall-2022/mangoSource/war/WEB-INF/lib/commons-codec-1.3.jar:/Users/bhagyac/Desktop/TA-fall-2022/mangoSource/war/WEB-INF/lib/commons-collections-3.2.1.jar:/Users/bhagyac/Desktop/TA-fall-2022/mangoSource/war/WEB-INF/lib/commons-dbcp-jdbc4.jar:/Users/bhagyac/Desktop/TA-fall-2022/mangoSource/war/WEB-INF/lib/commons-discovery-0.2.jar:/Users/bhagyac/Desktop/TA-fall-2022/mangoSource/war/WEB-INF/lib/commons-fileupload.jar:/Users/bhagyac/Desktop/TA-fall-2022/mangoSource/war/WEB-INF/lib/commons-httpclient-3.0.1.jar:/Users/bhagyac/Desktop/TA-fall-2022/mangoSource/war/WEB-INF/lib/commons-io.jar:/Users/bhagyac/Desktop/TA-fall-2022/mangoSource/war/WEB-INF/lib/commons-lang-2.5.jar:/Users/bhagyac/Desktop/TA-fall-2022/mangoSource/war/WEB-INF/lib/commons-logging.jar:/Users/bhagyac/Desktop/TA-fall-2022/mangoSource/war/WEB-INF/lib/commons-pool.jar:/Users/bhagyac/Desktop/TA-fall-2022/mangoSource/war/WEB-INF/lib/crowd-integration-client-2.1.1.jar:/Users/bhagyac/Desktop/TA-fall-2022/mangoSource/war/WEB-INF/lib/derby.jar:/Users/bhagyac/Desktop/TA-fall-2022/mangoSource/war/WEB-INF/lib/derbytools.jar:/Users/bhagyac/Desktop/TA-fall-2022/mangoSource/war/WEB-INF/lib/dnp3.jar:/Users/bhagyac/Desktop/TA-fall-2022/mangoSource/war/WEB-INF/lib/dwr.jar:/Users/bhagyac/Desktop/TA-fall-2022/mangoSource/war/WEB-INF/lib/ezmorph-1.0.6.jar:/Users/bhagyac/Desktop/TA-fall-2022/mangoSource/war/WEB-INF/lib/freemarker.jar:/Users/bhagyac/Desktop/TA-fall-2022/mangoSource/war/WEB-INF/lib/j-interop-2.06.jar:/Users/bhagyac/Desktop/TA-fall-2022/mangoSource/war/WEB-INF/lib/j-interopdeps-1.4.jar:/Users/bhagyac/Desktop/TA-fall-2022/mangoSource/war/WEB-INF/lib/jaxrpc.jar:/Users/bhagyac/Desktop/TA-fall-2022/mangoSource/war/WEB-INF/lib/jcifs-1.2.19.jar:/Users/bhagyac/Desktop/TA-fall-2022/mangoSource/war/WEB-INF/lib/jcommon-1.0.14.jar:/Users/bhagyac/Desktop/TA-fall-2022/mangoSource/war/WEB-INF/lib/jdom-1.0.jar:/Users/bhagyac/Desktop/TA-fall-2022/mangoSource/war/WEB-INF/lib/jfreechart-1.0.11.jar:/Users/bhagyac/Desktop/TA-fall-2022/mangoSource/war/WEB-INF/lib/joda-time-1.3.jar:/Users/bhagyac/Desktop/TA-fall-2022/mangoSource/war/WEB-INF/lib/json-lib-2.3-jdk15.jar:/Users/bhagyac/Desktop/TA-fall-2022/mangoSource/war/WEB-INF/lib/jstl-api-1.2.jar:/Users/bhagyac/Desktop/TA-fall-2022/mangoSource/war/WEB-INF/lib/jstl-impl-1.2.jar:/Users/bhagyac/Desktop/TA-fall-2022/mangoSource/war/WEB-INF/lib/jstl.jar:/Users/bhagyac/Desktop/TA-fall-2022/mangoSource/war/WEB-INF/lib/log4j-1.2.14.jar:/Users/bhagyac/Desktop/TA-fall-2022/mangoSource/war/WEB-INF/lib/mail.jar:/Users/bhagyac/Desktop/TA-fall-2022/mangoSource/war/WEB-INF/lib/mbus4j-core-0.1.3.jar:/Users/bhagyac/Desktop/TA-fall-2022/mangoSource/war/WEB-INF/lib/mbus4j-master-0.1.3.jar:/Users/bhagyac/Desktop/TA-fall-2022/mangoSource/war/WEB-INF/lib/modbus4J.jar:/Users/bhagyac/Desktop/TA-fall-2022/mangoSource/war/WEB-INF/lib/mysql-connector-java-3.1.8-bin.jar:/Users/bhagyac/Desktop/TA-fall-2022/mangoSource/war/WEB-INF/lib/mysql-connector-java-5.1.7-bin.jar:/Users/bhagyac/Desktop/TA-fall-2022/mangoSource/war/WEB-INF/lib/opc-driver.jar:/Users/bhagyac/Desktop/TA-fall-2022/mangoSource/war/WEB-INF/lib/openscada-utils.jar:/Users/bhagyac/Desktop/TA-fall-2022/mangoSource/war/WEB-INF/lib/openv4j-core-0.1.3.jar:/Users/bhagyac/Desktop/TA-fall-2022/mangoSource/war/WEB-INF/lib/org.openscada.opc.dcom-0.5.0.jar:/Users/bhagyac/Desktop/TA-fall-2022/mangoSource/war/WEB-INF/lib/org.openscada.opc.lib-0.5.0.jar:/Users/bhagyac/Desktop/TA-fall-2022/mangoSource/war/WEB-INF/lib/seroUtils.jar:/Users/bhagyac/Desktop/TA-fall-2022/mangoSource/war/WEB-INF/lib/slf4j-api-1.5.11.jar:/Users/bhagyac/Desktop/TA-fall-2022/mangoSource/war/WEB-INF/lib/slf4j-log4j12-1.5.11.jar:/Users/bhagyac/Desktop/TA-fall-2022/mangoSource/war/WEB-INF/lib/spinwave.jar:/Users/bhagyac/Desktop/TA-fall-2022/mangoSource/war/WEB-INF/lib/spring-webmvc.jar:/Users/bhagyac/Desktop/TA-fall-2022/mangoSource/war/WEB-INF/lib/spring.jar:/Users/bhagyac/Desktop/TA-fall-2022/mangoSource/war/WEB-INF/lib/sqljdbc4.jar:/Users/bhagyac/Desktop/TA-fall-2022/mangoSource/war/WEB-INF/lib/standard.jar:/Users/bhagyac/Desktop/TA-fall-2022/mangoSource/war/WEB-INF/lib/taglibs-log.jar:/Users/bhagyac/Desktop/TA-fall-2022/mangoSource/war/WEB-INF/lib/viconics.jar:/Users/bhagyac/Desktop/TA-fall-2022/mangoSource/war/WEB-INF/lib/wsdl4j-1.5.1.jar:/Users/bhagyac/Desktop/TA-fall-2022/mangoSource/war/WEB-INF/lib/xfire-aegis-1.2.6.jar:/Users/bhagyac/Desktop/TA-fall-2022/mangoSource/war/WEB-INF/lib/xfire-core-1.2.6.jar:/Users/bhagyac/Desktop/TA-fall-2022/mangoSource/lib/OneWireAPI.jar:/Users/bhagyac/Desktop/TA-fall-2022/mangoSource/lib/RXTXcomm.jar:/Users/bhagyac/Desktop/TA-fall-2022/mangoSource/lib/SNMP4J.jar:/Users/bhagyac/Desktop/TA-fall-2022/mangoSource/lib/activation.jar:/Users/bhagyac/Desktop/TA-fall-2022/mangoSource/lib/axis.jar:/Users/bhagyac/Desktop/TA-fall-2022/mangoSource/lib/bacnet4J.jar:/Users/bhagyac/Desktop/TA-fall-2022/mangoSource/lib/commons-beanutils-1.8.3.jar:/Users/bhagyac/Desktop/TA-fall-2022/mangoSource/lib/commons-codec-1.3.jar:/Users/bhagyac/Desktop/TA-fall-2022/mangoSource/lib/commons-collections-3.2.1.jar:/Users/bhagyac/Desktop/TA-fall-2022/mangoSource/lib/commons-dbcp-jdbc4.jar:/Users/bhagyac/Desktop/TA-fall-2022/mangoSource/lib/commons-discovery-0.2.jar:/Users/bhagyac/Desktop/TA-fall-2022/mangoSource/lib/commons-fileupload.jar:/Users/bhagyac/Desktop/TA-fall-2022/mangoSource/lib/commons-httpclient-3.0.1.jar:/Users/bhagyac/Desktop/TA-fall-2022/mangoSource/lib/commons-io.jar:/Users/bhagyac/Desktop/TA-fall-2022/mangoSource/lib/commons-lang-2.5.jar:/Users/bhagyac/Desktop/TA-fall-2022/mangoSource/lib/commons-logging.jar:/Users/bhagyac/Desktop/TA-fall-2022/mangoSource/lib/commons-pool.jar:/Users/bhagyac/Desktop/TA-fall-2022/mangoSource/lib/crowd-integration-client-2.1.1.jar:/Users/bhagyac/Desktop/TA-fall-2022/mangoSource/lib/derby.jar:/Users/bhagyac/Desktop/TA-fall-2022/mangoSource/lib/derbytools.jar:/Users/bhagyac/Desktop/TA-fall-2022/mangoSource/lib/dnp3.jar:/Users/bhagyac/Desktop/TA-fall-2022/mangoSource/lib/dwr.jar:/Users/bhagyac/Desktop/TA-fall-2022/mangoSource/lib/ezmorph-1.0.6.jar:/Users/bhagyac/Desktop/TA-fall-2022/mangoSource/lib/freemarker.jar:/Users/bhagyac/Desktop/TA-fall-2022/mangoSource/lib/j-interop-2.06.jar:/Users/bhagyac/Desktop/TA-fall-2022/mangoSource/lib/j-interopdeps-1.4.jar:/Users/bhagyac/Desktop/TA-fall-2022/mangoSource/lib/jaxrpc.jar:/Users/bhagyac/Desktop/TA-fall-2022/mangoSource/lib/jcifs-1.2.19.jar:/Users/bhagyac/Desktop/TA-fall-2022/mangoSource/lib/jcommon-1.0.14.jar:/Users/bhagyac/Desktop/TA-fall-2022/mangoSource/lib/jdom-1.0.jar:/Users/bhagyac/Desktop/TA-fall-2022/mangoSource/lib/jfreechart-1.0.11.jar:/Users/bhagyac/Desktop/TA-fall-2022/mangoSource/lib/joda-time-1.3.jar:/Users/bhagyac/Desktop/TA-fall-2022/mangoSource/lib/json-lib-2.3-jdk15.jar:/Users/bhagyac/Desktop/TA-fall-2022/mangoSource/lib/jsp-api.jar:/Users/bhagyac/Desktop/TA-fall-2022/mangoSource/lib/jstl-api-1.2.jar:/Users/bhagyac/Desktop/TA-fall-2022/mangoSource/lib/jstl-impl-1.2.jar:/Users/bhagyac/Desktop/TA-fall-2022/mangoSource/lib/jstl.jar:/Users/bhagyac/Desktop/TA-fall-2022/mangoSource/lib/junit-platform-console-standalone-1.9.0-RC1.jar:/Users/bhagyac/Desktop/TA-fall-2022/mangoSource/lib/log4j-1.2.14.jar:/Users/bhagyac/Desktop/TA-fall-2022/mangoSource/lib/mail.jar:/Users/bhagyac/Desktop/TA-fall-2022/mangoSource/lib/mbus4j-core-0.1.3.jar:/Users/bhagyac/Desktop/TA-fall-2022/mangoSource/lib/mbus4j-master-0.1.3.jar:/Users/bhagyac/Desktop/TA-fall-2022/mangoSource/lib/modbus4J.jar:/Users/bhagyac/Desktop/TA-fall-2022/mangoSource/lib/mysql-connector-java-3.1.8-bin.jar:/Users/bhagyac/Desktop/TA-fall-2022/mangoSource/lib/mysql-connector-java-5.1.7-bin.jar:/Users/bhagyac/Desktop/TA-fall-2022/mangoSource/lib/opc-driver.jar:/Users/bhagyac/Desktop/TA-fall-2022/mangoSource/lib/openscada-utils.jar:/Users/bhagyac/Desktop/TA-fall-2022/mangoSource/lib/openv4j-core-0.1.3.jar:/Users/bhagyac/Desktop/TA-fall-2022/mangoSource/lib/org.openscada.opc.dcom-0.5.0.jar:/Users/bhagyac/Desktop/TA-fall-2022/mangoSource/lib/org.openscada.opc.lib-0.5.0.jar:/Users/bhagyac/Desktop/TA-fall-2022/mangoSource/lib/selenium/lib/async-http-client-2.12.3.jar:/Users/bhagyac/Desktop/TA-fall-2022/mangoSource/lib/selenium/lib/async-http-client-netty-utils-2.12.3.jar:/Users/bhagyac/Desktop/TA-fall-2022/mangoSource/lib/selenium/lib/auto-common-1.2.1.jar:/Users/bhagyac/Desktop/TA-fall-2022/mangoSource/lib/selenium/lib/auto-service-1.0.1.jar:/Users/bhagyac/Desktop/TA-fall-2022/mangoSource/lib/selenium/lib/auto-service-annotations-1.0.1.jar:/Users/bhagyac/Desktop/TA-fall-2022/mangoSource/lib/selenium/lib/byte-buddy-1.12.10.jar:/Users/bhagyac/Desktop/TA-fall-2022/mangoSource/lib/selenium/lib/checker-qual-3.12.0.jar:/Users/bhagyac/Desktop/TA-fall-2022/mangoSource/lib/selenium/lib/commons-exec-1.3.jar:/Users/bhagyac/Desktop/TA-fall-2022/mangoSource/lib/selenium/lib/error_prone_annotations-2.11.0.jar:/Users/bhagyac/Desktop/TA-fall-2022/mangoSource/lib/selenium/lib/failsafe-3.2.4.jar:/Users/bhagyac/Desktop/TA-fall-2022/mangoSource/lib/selenium/lib/failureaccess-1.0.1.jar:/Users/bhagyac/Desktop/TA-fall-2022/mangoSource/lib/selenium/lib/guava-31.1-jre.jar:/Users/bhagyac/Desktop/TA-fall-2022/mangoSource/lib/selenium/lib/j2objc-annotations-1.3.jar:/Users/bhagyac/Desktop/TA-fall-2022/mangoSource/lib/selenium/lib/jakarta.activation-1.2.2.jar:/Users/bhagyac/Desktop/TA-fall-2022/mangoSource/lib/selenium/lib/jcommander-1.82.jar:/Users/bhagyac/Desktop/TA-fall-2022/mangoSource/lib/selenium/lib/jsr305-3.0.2.jar:/Users/bhagyac/Desktop/TA-fall-2022/mangoSource/lib/selenium/lib/jtoml-2.0.0.jar:/Users/bhagyac/Desktop/TA-fall-2022/mangoSource/lib/selenium/lib/listenablefuture-9999.0-empty-to-avoid-conflict-with-guava.jar:/Users/bhagyac/Desktop/TA-fall-2022/mangoSource/lib/selenium/lib/netty-buffer-4.1.78.Final.jar:/Users/bhagyac/Desktop/TA-fall-2022/mangoSource/lib/selenium/lib/netty-codec-4.1.78.Final.jar:/Users/bhagyac/Desktop/TA-fall-2022/mangoSource/lib/selenium/lib/netty-codec-http-4.1.78.Final.jar:/Users/bhagyac/Desktop/TA-fall-2022/mangoSource/lib/selenium/lib/netty-codec-socks-4.1.78.Final.jar:/Users/bhagyac/Desktop/TA-fall-2022/mangoSource/lib/selenium/lib/netty-common-4.1.78.Final.jar:/Users/bhagyac/Desktop/TA-fall-2022/mangoSource/lib/selenium/lib/netty-handler-4.1.78.Final.jar:/Users/bhagyac/Desktop/TA-fall-2022/mangoSource/lib/selenium/lib/netty-handler-proxy-4.1.78.Final.jar:/Users/bhagyac/Desktop/TA-fall-2022/mangoSource/lib/selenium/lib/netty-reactive-streams-2.0.4.jar:/Users/bhagyac/Desktop/TA-fall-2022/mangoSource/lib/selenium/lib/netty-resolver-4.1.78.Final.jar:/Users/bhagyac/Desktop/TA-fall-2022/mangoSource/lib/selenium/lib/netty-transport-4.1.78.Final.jar:/Users/bhagyac/Desktop/TA-fall-2022/mangoSource/lib/selenium/lib/netty-transport-classes-epoll-4.1.78.Final.jar:/Users/bhagyac/Desktop/TA-fall-2022/mangoSource/lib/selenium/lib/netty-transport-classes-kqueue-4.1.78.Final.jar:/Users/bhagyac/Desktop/TA-fall-2022/mangoSource/lib/selenium/lib/netty-transport-native-epoll-4.1.78.Final.jar:/Users/bhagyac/Desktop/TA-fall-2022/mangoSource/lib/selenium/lib/netty-transport-native-kqueue-4.1.78.Final.jar:/Users/bhagyac/Desktop/TA-fall-2022/mangoSource/lib/selenium/lib/netty-transport-native-unix-common-4.1.78.Final.jar:/Users/bhagyac/Desktop/TA-fall-2022/mangoSource/lib/selenium/lib/opentelemetry-api-1.15.0.jar:/Users/bhagyac/Desktop/TA-fall-2022/mangoSource/lib/selenium/lib/opentelemetry-context-1.15.0.jar:/Users/bhagyac/Desktop/TA-fall-2022/mangoSource/lib/selenium/lib/opentelemetry-exporter-logging-1.15.0.jar:/Users/bhagyac/Desktop/TA-fall-2022/mangoSource/lib/selenium/lib/opentelemetry-sdk-1.15.0.jar:/Users/bhagyac/Desktop/TA-fall-2022/mangoSource/lib/selenium/lib/opentelemetry-sdk-common-1.15.0.jar:/Users/bhagyac/Desktop/TA-fall-2022/mangoSource/lib/selenium/lib/opentelemetry-sdk-extension-autoconfigure-1.15.0-alpha.jar:/Users/bhagyac/Desktop/TA-fall-2022/mangoSource/lib/selenium/lib/opentelemetry-sdk-extension-autoconfigure-spi-1.15.0.jar:/Users/bhagyac/Desktop/TA-fall-2022/mangoSource/lib/selenium/lib/opentelemetry-sdk-logs-1.15.0-alpha.jar:/Users/bhagyac/Desktop/TA-fall-2022/mangoSource/lib/selenium/lib/opentelemetry-sdk-metrics-1.15.0.jar:/Users/bhagyac/Desktop/TA-fall-2022/mangoSource/lib/selenium/lib/opentelemetry-sdk-trace-1.15.0.jar:/Users/bhagyac/Desktop/TA-fall-2022/mangoSource/lib/selenium/lib/opentelemetry-semconv-1.15.0-alpha.jar:/Users/bhagyac/Desktop/TA-fall-2022/mangoSource/lib/selenium/lib/reactive-streams-1.0.4.jar:/Users/bhagyac/Desktop/TA-fall-2022/mangoSource/lib/selenium/lib/slf4j-api-1.7.36.jar:/Users/bhagyac/Desktop/TA-fall-2022/mangoSource/lib/selenium/selenium-api-4.3.0-sources.jar:/Users/bhagyac/Desktop/TA-fall-2022/mangoSource/lib/selenium/selenium-api-4.3.0.jar:/Users/bhagyac/Desktop/TA-fall-2022/mangoSource/lib/selenium/selenium-chrome-driver-4.3.0-sources.jar:/Users/bhagyac/Desktop/TA-fall-2022/mangoSource/lib/selenium/selenium-chrome-driver-4.3.0.jar:/Users/bhagyac/Desktop/TA-fall-2022/mangoSource/lib/selenium/selenium-chromium-driver-4.3.0-sources.jar:/Users/bhagyac/Desktop/TA-fall-2022/mangoSource/lib/selenium/selenium-chromium-driver-4.3.0.jar:/Users/bhagyac/Desktop/TA-fall-2022/mangoSource/lib/selenium/selenium-devtools-v101-4.3.0-sources.jar:/Users/bhagyac/Desktop/TA-fall-2022/mangoSource/lib/selenium/selenium-devtools-v101-4.3.0.jar:/Users/bhagyac/Desktop/TA-fall-2022/mangoSource/lib/selenium/selenium-devtools-v102-4.3.0-sources.jar:/Users/bhagyac/Desktop/TA-fall-2022/mangoSource/lib/selenium/selenium-devtools-v102-4.3.0.jar:/Users/bhagyac/Desktop/TA-fall-2022/mangoSource/lib/selenium/selenium-devtools-v103-4.3.0-sources.jar:/Users/bhagyac/Desktop/TA-fall-2022/mangoSource/lib/selenium/selenium-devtools-v103-4.3.0.jar:/Users/bhagyac/Desktop/TA-fall-2022/mangoSource/lib/selenium/selenium-devtools-v85-4.3.0-sources.jar:/Users/bhagyac/Desktop/TA-fall-2022/mangoSource/lib/selenium/selenium-devtools-v85-4.3.0.jar:/Users/bhagyac/Desktop/TA-fall-2022/mangoSource/lib/selenium/selenium-edge-driver-4.3.0-sources.jar:/Users/bhagyac/Desktop/TA-fall-2022/mangoSource/lib/selenium/selenium-edge-driver-4.3.0.jar:/Users/bhagyac/Desktop/TA-fall-2022/mangoSource/lib/selenium/selenium-firefox-driver-4.3.0-sources.jar:/Users/bhagyac/Desktop/TA-fall-2022/mangoSource/lib/selenium/selenium-firefox-driver-4.3.0.jar:/Users/bhagyac/Desktop/TA-fall-2022/mangoSource/lib/selenium/selenium-http-4.3.0-sources.jar:/Users/bhagyac/Desktop/TA-fall-2022/mangoSource/lib/selenium/selenium-http-4.3.0.jar:/Users/bhagyac/Desktop/TA-fall-2022/mangoSource/lib/selenium/selenium-ie-driver-4.3.0-sources.jar:/Users/bhagyac/Desktop/TA-fall-2022/mangoSource/lib/selenium/selenium-ie-driver-4.3.0.jar:/Users/bhagyac/Desktop/TA-fall-2022/mangoSource/lib/selenium/selenium-java-4.3.0-sources.jar:/Users/bhagyac/Desktop/TA-fall-2022/mangoSource/lib/selenium/selenium-java-4.3.0.jar:/Users/bhagyac/Desktop/TA-fall-2022/mangoSource/lib/selenium/selenium-json-4.3.0-sources.jar:/Users/bhagyac/Desktop/TA-fall-2022/mangoSource/lib/selenium/selenium-json-4.3.0.jar:/Users/bhagyac/Desktop/TA-fall-2022/mangoSource/lib/selenium/selenium-opera-driver-4.3.0-sources.jar:/Users/bhagyac/Desktop/TA-fall-2022/mangoSource/lib/selenium/selenium-opera-driver-4.3.0.jar:/Users/bhagyac/Desktop/TA-fall-2022/mangoSource/lib/selenium/selenium-remote-driver-4.3.0-sources.jar:/Users/bhagyac/Desktop/TA-fall-2022/mangoSource/lib/selenium/selenium-remote-driver-4.3.0.jar:/Users/bhagyac/Desktop/TA-fall-2022/mangoSource/lib/selenium/selenium-safari-driver-4.3.0-sources.jar:/Users/bhagyac/Desktop/TA-fall-2022/mangoSource/lib/selenium/selenium-safari-driver-4.3.0.jar:/Users/bhagyac/Desktop/TA-fall-2022/mangoSource/lib/selenium/selenium-support-4.3.0-sources.jar:/Users/bhagyac/Desktop/TA-fall-2022/mangoSource/lib/selenium/selenium-support-4.3.0.jar:/Users/bhagyac/Desktop/TA-fall-2022/mangoSource/lib/seroUtils.jar:/Users/bhagyac/Desktop/TA-fall-2022/mangoSource/lib/servlet-api.jar:/Users/bhagyac/Desktop/TA-fall-2022/mangoSource/lib/slf4j-api-1.5.11.jar:/Users/bhagyac/Desktop/TA-fall-2022/mangoSource/lib/slf4j-log4j12-1.5.11.jar:/Users/bhagyac/Desktop/TA-fall-2022/mangoSource/lib/spinwave.jar:/Users/bhagyac/Desktop/TA-fall-2022/mangoSource/lib/spring-webmvc.jar:/Users/bhagyac/Desktop/TA-fall-2022/mangoSource/lib/spring.jar:/Users/bhagyac/Desktop/TA-fall-2022/mangoSource/lib/sqljdbc4.jar:/Users/bhagyac/Desktop/TA-fall-2022/mangoSource/lib/standard.jar:/Users/bhagyac/Desktop/TA-fall-2022/mangoSource/lib/taglibs-log.jar:/Users/bhagyac/Desktop/TA-fall-2022/mangoSource/lib/tomcat8jndi-1.0.0.jar:/Users/bhagyac/Desktop/TA-fall-2022/mangoSource/lib/viconics.jar:/Users/bhagyac/Desktop/TA-fall-2022/mangoSource/lib/wsdl4j-1.5.1.jar:/Users/bhagyac/Desktop/TA-fall-2022/mangoSource/lib/xfire-aegis-1.2.6.jar:/Users/bhagyac/Desktop/TA-fall-2022/mangoSource/lib/xfire-core-1.2.6.jar:/Users/bhagyac/Desktop/TA-fall-2022/mangoSource/build/WEB-INF/classes:/Users/bhagyac/Desktop/TA-fall-2022/apache-ant-1.10.12/lib/ant-antlr.jar:/Users/bhagyac/Desktop/TA-fall-2022/apache-ant-1.10.12/lib/ant-apache-bcel.jar:/Users/bhagyac/Desktop/TA-fall-2022/apache-ant-1.10.12/lib/ant-apache-bsf.jar:/Users/bhagyac/Desktop/TA-fall-2022/apache-ant-1.10.12/lib/ant-apache-log4j.jar:/Users/bhagyac/Desktop/TA-fall-2022/apache-ant-1.10.12/lib/ant-apache-oro.jar:/Users/bhagyac/Desktop/TA-fall-2022/apache-ant-1.10.12/lib/ant-apache-regexp.jar:/Users/bhagyac/Desktop/TA-fall-2022/apache-ant-1.10.12/lib/ant-apache-resolver.jar:/Users/bhagyac/Desktop/TA-fall-2022/apache-ant-1.10.12/lib/ant-apache-xalan2.jar:/Users/bhagyac/Desktop/TA-fall-2022/apache-ant-1.10.12/lib/ant-commons-logging.jar:/Users/bhagyac/Desktop/TA-fall-2022/apache-ant-1.10.12/lib/ant-commons-net.jar:/Users/bhagyac/Desktop/TA-fall-2022/apache-ant-1.10.12/lib/ant-imageio.jar:/Users/bhagyac/Desktop/TA-fall-2022/apache-ant-1.10.12/lib/ant-jai.jar:/Users/bhagyac/Desktop/TA-fall-2022/apache-ant-1.10.12/lib/ant-javamail.jar:/Users/bhagyac/Desktop/TA-fall-2022/apache-ant-1.10.12/lib/ant-jdepend.jar:/Users/bhagyac/Desktop/TA-fall-2022/apache-ant-1.10.12/lib/ant-jmf.jar:/Users/bhagyac/Desktop/TA-fall-2022/apache-ant-1.10.12/lib/ant-jsch.jar:/Users/bhagyac/Desktop/TA-fall-2022/apache-ant-1.10.12/lib/ant-junit.jar:/Users/bhagyac/Desktop/TA-fall-2022/apache-ant-1.10.12/lib/ant-junit4.jar:/Users/bhagyac/Desktop/TA-fall-2022/apache-ant-1.10.12/lib/ant-junitlauncher.jar:/Users/bhagyac/Desktop/TA-fall-2022/apache-ant-1.10.12/lib/ant-launcher.jar:/Users/bhagyac/Desktop/TA-fall-2022/apache-ant-1.10.12/lib/ant-netrexx.jar:/Users/bhagyac/Desktop/TA-fall-2022/apache-ant-1.10.12/lib/ant-swing.jar:/Users/bhagyac/Desktop/TA-fall-2022/apache-ant-1.10.12/lib/ant-testutil.jar:/Users/bhagyac/Desktop/TA-fall-2022/apache-ant-1.10.12/lib/ant-xz.jar:/Users/bhagyac/Desktop/TA-fall-2022/apache-ant-1.10.12/lib/ant.jar"/>
<property name="java.class.version" value="52.0"/>
<property name="java.endorsed.dirs" value="/Library/Java/JavaVirtualMachines/jdk1.8.0_202.jdk/Contents/Home/jre/lib/endorsed"/>
<property name="java.ext.dirs" value="/Users/bhagyac/Library/Java/Extensions:/Library/Java/JavaVirtualMachines/jdk1.8.0_202.jdk/Contents/Home/jre/lib/ext:/Library/Java/Extensions:/Network/Library/Java/Extensions:/System/Library/Java/Extensions:/usr/lib/java"/>
<property name="java.home" value="/Library/Java/JavaVirtualMachines/jdk1.8.0_202.jdk/Contents/Home/jre"/>
<property name="java.io.tmpdir" value="/var/folders/g4/7ctvv0cj7nj05d637s584w1h0000gn/T/"/>
<property name="java.library.path" value="/Users/bhagyac/Library/Java/Extensions:/Library/Java/Extensions:/Network/Library/Java/Extensions:/System/Library/Java/Extensions:/usr/lib/java:."/>
<property name="java.runtime.name" value="Java(TM) SE Runtime Environment"/>
<property name="java.runtime.version" value="1.8.0_202-b08"/>
<property name="java.specification.name" value="Java Platform API Specification"/>
<property name="java.specification.vendor" value="Oracle Corporation"/>
<property name="java.specification.version" value="1.8"/>
<property name="java.vendor" value="Oracle Corporation"/>
<property name="java.vendor.url" value="http://java.oracle.com/"/>
<property name="java.vendor.url.bug" value="http://bugreport.sun.com/bugreport/"/>
<property name="java.version" value="1.8.0_202"/>
<property name="java.vm.info" value="mixed mode"/>
<property name="java.vm.name" value="Java HotSpot(TM) 64-Bit Server VM"/>
<property name="java.vm.specification.name" value="Java Virtual Machine Specification"/>
<property name="java.vm.specification.vendor" value="Oracle Corporation"/>
<property name="java.vm.specification.version" value="1.8"/>
<property name="java.vm.vendor" value="Oracle Corporation"/>
<property name="java.vm.version" value="25.202-b08"/>
<property name="line.separator" value="
"/>
<property name="os.arch" value="x86_64"/>
<property name="os.name" value="Mac OS X"/>
<property name="os.version" value="10.16"/>
<property name="path.separator" value=":"/>
<property name="socksNonProxyHosts" value="local|*.local|169.254/16|*.169.254/16"/>
<property name="sun.arch.data.model" value="64"/>
<property name="sun.boot.class.path" value="/Library/Java/JavaVirtualMachines/jdk1.8.0_202.jdk/Contents/Home/jre/lib/resources.jar:/Library/Java/JavaVirtualMachines/jdk1.8.0_202.jdk/Contents/Home/jre/lib/rt.jar:/Library/Java/JavaVirtualMachines/jdk1.8.0_202.jdk/Contents/Home/jre/lib/sunrsasign.jar:/Library/Java/JavaVirtualMachines/jdk1.8.0_202.jdk/Contents/Home/jre/lib/jsse.jar:/Library/Java/JavaVirtualMachines/jdk1.8.0_202.jdk/Contents/Home/jre/lib/jce.jar:/Library/Java/JavaVirtualMachines/jdk1.8.0_202.jdk/Contents/Home/jre/lib/charsets.jar:/Library/Java/JavaVirtualMachines/jdk1.8.0_202.jdk/Contents/Home/jre/lib/jfr.jar:/Library/Java/JavaVirtualMachines/jdk1.8.0_202.jdk/Contents/Home/jre/classes"/>
<property name="sun.boot.library.path" value="/Library/Java/JavaVirtualMachines/jdk1.8.0_202.jdk/Contents/Home/jre/lib"/>
<property name="sun.cpu.endian" value="little"/>
<property name="sun.cpu.isalist" value=""/>
<property name="sun.io.unicode.encoding" value="UnicodeBig"/>
<property name="sun.java.command" value="org.junit.platform.console.ConsoleLauncher --scan-classpath --reports-dir build/test-report"/>
<property name="sun.java.launcher" value="SUN_STANDARD"/>
<property name="sun.jnu.encoding" value="UTF-8"/>
<property name="sun.management.compiler" value="HotSpot 64-Bit Tiered Compilers"/>
<property name="sun.os.patch.level" value="unknown"/>
<property name="user.country" value="IN"/>
<property name="user.dir" value="/Users/bhagyac/Desktop/TA-fall-2022/mangoSource"/>
<property name="user.home" value="/Users/bhagyac"/>
<property name="user.language" value="en"/>
<property name="user.name" value="bhagyac"/>
<property name="user.timezone" value="America/Toronto"/>
</properties>
<testcase name="minusLong()" classname="test.unit.DateUtilsTests" time="0.068">
<system-out><![CDATA[
unique-id: [engine:junit-jupiter]/[class:test.unit.DateUtilsTests]/[method:minusLong()]
display-name: minus given milis
]]></system-out>
</testcase>
<testcase name="usernameDisplay()" classname="test.acceptance.ExampleSeleniumTests" time="7.125">
<error message="Browsing context has been discarded
Build info: version: '4.3.0', revision: 'a4995e2c09*'
System info: host: 'admins-MacBook-Pro.local', ip: 'fe80:0:0:0:1022:cc85:58b4:9aa8%en0', os.name: 'Mac OS X', os.arch: 'x86_64', os.version: '10.16', java.version: '1.8.0_202'
Driver info: org.openqa.selenium.firefox.FirefoxDriver
Command: [93d06a2e-045c-4b1b-bdff-9f5e279fbbc9, findElement {using=xpath, value=//span[@class='copyTitle']/b}]
Capabilities {acceptInsecureCerts: true, browserName: firefox, browserVersion: 104.0, moz:accessibilityChecks: false, moz:buildID: 20220818191623, moz:debuggerAddress: localhost:57256, moz:geckodriverVersion: 0.31.0, moz:headless: false, moz:platformVersion: 21.6.0, moz:processID: 32367, moz:profile: /var/folders/g4/7ctvv0cj7nj..., moz:shutdownTimeout: 60000, moz:useNonSpecCompliantPointerOrigin: false, moz:webdriverClick: true, moz:windowless: false, pageLoadStrategy: normal, platformName: MAC, proxy: Proxy(), se:cdp: ws://localhost:57256/devtoo..., se:cdpVersion: 85.0, setWindowRect: true, strictFileInteractability: false, timeouts: {implicit: 0, pageLoad: 300000, script: 30000}, unhandledPromptBehavior: dismiss and notify}
Session ID: 93d06a2e-045c-4b1b-bdff-9f5e279fbbc9" type="org.openqa.selenium.NoSuchWindowException"><![CDATA[org.openqa.selenium.NoSuchWindowException: Browsing context has been discarded
Build info: version: '4.3.0', revision: 'a4995e2c09*'
System info: host: 'admins-MacBook-Pro.local', ip: 'fe80:0:0:0:1022:cc85:58b4:9aa8%en0', os.name: 'Mac OS X', os.arch: 'x86_64', os.version: '10.16', java.version: '1.8.0_202'
Driver info: org.openqa.selenium.firefox.FirefoxDriver
Command: [93d06a2e-045c-4b1b-bdff-9f5e279fbbc9, findElement {using=xpath, value=//span[@class='copyTitle']/b}]
Capabilities {acceptInsecureCerts: true, browserName: firefox, browserVersion: 104.0, moz:accessibilityChecks: false, moz:buildID: 20220818191623, moz:debuggerAddress: localhost:57256, moz:geckodriverVersion: 0.31.0, moz:headless: false, moz:platformVersion: 21.6.0, moz:processID: 32367, moz:profile: /var/folders/g4/7ctvv0cj7nj..., moz:shutdownTimeout: 60000, moz:useNonSpecCompliantPointerOrigin: false, moz:webdriverClick: true, moz:windowless: false, pageLoadStrategy: normal, platformName: MAC, proxy: Proxy(), se:cdp: ws://localhost:57256/devtoo..., se:cdpVersion: 85.0, setWindowRect: true, strictFileInteractability: false, timeouts: {implicit: 0, pageLoad: 300000, script: 30000}, unhandledPromptBehavior: dismiss and notify}
Session ID: 93d06a2e-045c-4b1b-bdff-9f5e279fbbc9
	at sun.reflect.NativeConstructorAccessorImpl.newInstance0(Native Method)
	at sun.reflect.NativeConstructorAccessorImpl.newInstance(NativeConstructorAccessorImpl.java:62)
	at sun.reflect.DelegatingConstructorAccessorImpl.newInstance(DelegatingConstructorAccessorImpl.java:45)
	at java.lang.reflect.Constructor.newInstance(Constructor.java:423)
	at org.openqa.selenium.remote.codec.w3c.W3CHttpResponseCodec.createException(W3CHttpResponseCodec.java:200)
	at org.openqa.selenium.remote.codec.w3c.W3CHttpResponseCodec.decode(W3CHttpResponseCodec.java:133)
	at org.openqa.selenium.remote.codec.w3c.W3CHttpResponseCodec.decode(W3CHttpResponseCodec.java:53)
	at org.openqa.selenium.remote.HttpCommandExecutor.execute(HttpCommandExecutor.java:184)
	at org.openqa.selenium.remote.service.DriverCommandExecutor.invokeExecute(DriverCommandExecutor.java:167)
	at org.openqa.selenium.remote.service.DriverCommandExecutor.execute(DriverCommandExecutor.java:142)
	at org.openqa.selenium.remote.RemoteWebDriver.execute(RemoteWebDriver.java:569)
	at org.openqa.selenium.remote.ElementLocation$ElementFinder$2.findElement(ElementLocation.java:162)
	at org.openqa.selenium.remote.ElementLocation.findElement(ElementLocation.java:60)
	at org.openqa.selenium.remote.RemoteWebDriver.findElement(RemoteWebDriver.java:387)
	at org.openqa.selenium.remote.RemoteWebDriver.findElement(RemoteWebDriver.java:379)
	at test.acceptance.ExampleSeleniumTests.usernameDisplay(ExampleSeleniumTests.java:43)
	at sun.reflect.NativeMethodAccessorImpl.invoke0(Native Method)
	at sun.reflect.NativeMethodAccessorImpl.invoke(NativeMethodAccessorImpl.java:62)
	at sun.reflect.DelegatingMethodAccessorImpl.invoke(DelegatingMethodAccessorImpl.java:43)
	at java.lang.reflect.Method.invoke(Method.java:498)
	at org.junit.platform.commons.util.ReflectionUtils.invokeMethod(ReflectionUtils.java:727)
	at org.junit.jupiter.engine.execution.MethodInvocation.proceed(MethodInvocation.java:60)
	at org.junit.jupiter.engine.execution.InvocationInterceptorChain$ValidatingInvocation.proceed(InvocationInterceptorChain.java:131)
	at org.junit.jupiter.engine.extension.TimeoutExtension.intercept(TimeoutExtension.java:156)
	at org.junit.jupiter.engine.extension.TimeoutExtension.interceptTestableMethod(TimeoutExtension.java:147)
	at org.junit.jupiter.engine.extension.TimeoutExtension.interceptTestMethod(TimeoutExtension.java:86)
	at org.junit.jupiter.engine.execution.InterceptingExecutableInvoker$ReflectiveInterceptorCall.lambda$ofVoidMethod$0(InterceptingExecutableInvoker.java:103)
	at org.junit.jupiter.engine.execution.InterceptingExecutableInvoker.lambda$invoke$0(InterceptingExecutableInvoker.java:93)
	at org.junit.jupiter.engine.execution.InvocationInterceptorChain$InterceptedInvocation.proceed(InvocationInterceptorChain.java:106)
	at org.junit.jupiter.engine.execution.InvocationInterceptorChain.proceed(InvocationInterceptorChain.java:64)
	at org.junit.jupiter.engine.execution.InvocationInterceptorChain.chainAndInvoke(InvocationInterceptorChain.java:45)
	at org.junit.jupiter.engine.execution.InvocationInterceptorChain.invoke(InvocationInterceptorChain.java:37)
	at org.junit.jupiter.engine.execution.InterceptingExecutableInvoker.invoke(InterceptingExecutableInvoker.java:92)
	at org.junit.jupiter.engine.execution.InterceptingExecutableInvoker.invoke(InterceptingExecutableInvoker.java:86)
	at org.junit.jupiter.engine.descriptor.TestMethodTestDescriptor.lambda$invokeTestMethod$7(TestMethodTestDescriptor.java:217)
	at org.junit.platform.engine.support.hierarchical.ThrowableCollector.execute(ThrowableCollector.java:73)
	at org.junit.jupiter.engine.descriptor.TestMethodTestDescriptor.invokeTestMethod(TestMethodTestDescriptor.java:213)
	at org.junit.jupiter.engine.descriptor.TestMethodTestDescriptor.execute(TestMethodTestDescriptor.java:138)
	at org.junit.jupiter.engine.descriptor.TestMethodTestDescriptor.execute(TestMethodTestDescriptor.java:68)
	at org.junit.platform.engine.support.hierarchical.NodeTestTask.lambda$executeRecursively$6(NodeTestTask.java:151)
	at org.junit.platform.engine.support.hierarchical.ThrowableCollector.execute(ThrowableCollector.java:73)
	at org.junit.platform.engine.support.hierarchical.NodeTestTask.lambda$executeRecursively$8(NodeTestTask.java:141)
	at org.junit.platform.engine.support.hierarchical.Node.around(Node.java:137)
	at org.junit.platform.engine.support.hierarchical.NodeTestTask.lambda$executeRecursively$9(NodeTestTask.java:139)
	at org.junit.platform.engine.support.hierarchical.ThrowableCollector.execute(ThrowableCollector.java:73)
	at org.junit.platform.engine.support.hierarchical.NodeTestTask.executeRecursively(NodeTestTask.java:138)
	at org.junit.platform.engine.support.hierarchical.NodeTestTask.execute(NodeTestTask.java:95)
	at java.util.ArrayList.forEach(ArrayList.java:1257)
	at org.junit.platform.engine.support.hierarchical.SameThreadHierarchicalTestExecutorService.invokeAll(SameThreadHierarchicalTestExecutorService.java:41)
	at org.junit.platform.engine.support.hierarchical.NodeTestTask.lambda$executeRecursively$6(NodeTestTask.java:155)
	at org.junit.platform.engine.support.hierarchical.ThrowableCollector.execute(ThrowableCollector.java:73)
	at org.junit.platform.engine.support.hierarchical.NodeTestTask.lambda$executeRecursively$8(NodeTestTask.java:141)
	at org.junit.platform.engine.support.hierarchical.Node.around(Node.java:137)
	at org.junit.platform.engine.support.hierarchical.NodeTestTask.lambda$executeRecursively$9(NodeTestTask.java:139)
	at org.junit.platform.engine.support.hierarchical.ThrowableCollector.execute(ThrowableCollector.java:73)
	at org.junit.platform.engine.support.hierarchical.NodeTestTask.executeRecursively(NodeTestTask.java:138)
	at org.junit.platform.engine.support.hierarchical.NodeTestTask.execute(NodeTestTask.java:95)
	at java.util.ArrayList.forEach(ArrayList.java:1257)
	at org.junit.platform.engine.support.hierarchical.SameThreadHierarchicalTestExecutorService.invokeAll(SameThreadHierarchicalTestExecutorService.java:41)
	at org.junit.platform.engine.support.hierarchical.NodeTestTask.lambda$executeRecursively$6(NodeTestTask.java:155)
	at org.junit.platform.engine.support.hierarchical.ThrowableCollector.execute(ThrowableCollector.java:73)
	at org.junit.platform.engine.support.hierarchical.NodeTestTask.lambda$executeRecursively$8(NodeTestTask.java:141)
	at org.junit.platform.engine.support.hierarchical.Node.around(Node.java:137)
	at org.junit.platform.engine.support.hierarchical.NodeTestTask.lambda$executeRecursively$9(NodeTestTask.java:139)
	at org.junit.platform.engine.support.hierarchical.ThrowableCollector.execute(ThrowableCollector.java:73)
	at org.junit.platform.engine.support.hierarchical.NodeTestTask.executeRecursively(NodeTestTask.java:138)
	at org.junit.platform.engine.support.hierarchical.NodeTestTask.execute(NodeTestTask.java:95)
	at org.junit.platform.engine.support.hierarchical.SameThreadHierarchicalTestExecutorService.submit(SameThreadHierarchicalTestExecutorService.java:35)
	at org.junit.platform.engine.support.hierarchical.HierarchicalTestExecutor.execute(HierarchicalTestExecutor.java:57)
	at org.junit.platform.engine.support.hierarchical.HierarchicalTestEngine.execute(HierarchicalTestEngine.java:54)
	at org.junit.platform.launcher.core.EngineExecutionOrchestrator.execute(EngineExecutionOrchestrator.java:147)
	at org.junit.platform.launcher.core.EngineExecutionOrchestrator.execute(EngineExecutionOrchestrator.java:127)
	at org.junit.platform.launcher.core.EngineExecutionOrchestrator.execute(EngineExecutionOrchestrator.java:90)
	at org.junit.platform.launcher.core.EngineExecutionOrchestrator.lambda$execute$0(EngineExecutionOrchestrator.java:55)
	at org.junit.platform.launcher.core.EngineExecutionOrchestrator.withInterceptedStreams(EngineExecutionOrchestrator.java:102)
	at org.junit.platform.launcher.core.EngineExecutionOrchestrator.execute(EngineExecutionOrchestrator.java:54)
	at org.junit.platform.launcher.core.DefaultLauncher.execute(DefaultLauncher.java:114)
	at org.junit.platform.launcher.core.DefaultLauncher.execute(DefaultLauncher.java:86)
	at org.junit.platform.launcher.core.DefaultLauncherSession$DelegatingLauncher.execute(DefaultLauncherSession.java:86)
	at org.junit.platform.launcher.core.SessionPerRequestLauncher.execute(SessionPerRequestLauncher.java:53)
	at org.junit.platform.console.tasks.ConsoleTestExecutor.executeTests(ConsoleTestExecutor.java:66)
	at org.junit.platform.console.tasks.ConsoleTestExecutor.lambda$execute$0(ConsoleTestExecutor.java:58)
	at org.junit.platform.console.tasks.CustomContextClassLoaderExecutor.invoke(CustomContextClassLoaderExecutor.java:33)
	at org.junit.platform.console.tasks.ConsoleTestExecutor.execute(ConsoleTestExecutor.java:58)
	at org.junit.platform.console.ConsoleLauncher.executeTests(ConsoleLauncher.java:120)
	at org.junit.platform.console.ConsoleLauncher.execute(ConsoleLauncher.java:82)
	at org.junit.platform.console.ConsoleLauncher.execute(ConsoleLauncher.java:55)
	at org.junit.platform.console.ConsoleLauncher.execute(ConsoleLauncher.java:48)
	at org.junit.platform.console.ConsoleLauncher.main(ConsoleLauncher.java:42)
]]></error>
<system-out><![CDATA[
unique-id: [engine:junit-jupiter]/[class:test.acceptance.ExampleSeleniumTests]/[method:usernameDisplay()]
display-name: Displayed username is 'admin'
]]></system-out>
</testcase>
<system-out><![CDATA[
unique-id: [engine:junit-jupiter]
display-name: JUnit Jupiter
]]></system-out>
</testsuite>
